<?xml version="1.0" encoding="UTF-8"?>
<!-- Generated by org.testng.reporters.JUnitXMLReporter -->
<testsuite ignored="2" hostname="Bhakti" failures="0" tests="1" name="FreeCRMTest" time="14.658" errors="0" timestamp="2025-02-18T14:49:11 GMT-05:00">
  <testcase classname="com.crm.qa.testcases.LoginPageTest" name="loginTest" time="11.181"/>
  <testcase classname="com.crm.qa.testcases.LoginPageTest" name="loginPageTitleTest" time="0.0">
    <ignored/>
  </testcase> <!-- loginPageTitleTest -->
  <testcase classname="com.crm.qa.testcases.LoginPageTest" name="CRMLogoImageTest" time="0.0">
    <ignored/>
  </testcase> <!-- CRMLogoImageTest -->
</testsuite> <!-- FreeCRMTest -->
