<?xml version="1.0" encoding="UTF-8"?>
<testng-results ignored="0" total="3" passed="3" failed="0" skipped="0">
  <reporter-output>
  </reporter-output>
  <suite started-at="2024-10-24T15:03:26 GMT-04:00" name="Default Suite" finished-at="2024-10-24T15:04:37 GMT-04:00" duration-ms="70297">
    <groups>
    </groups>
    <test started-at="2024-10-24T15:03:26 GMT-04:00" name="FreeCRMTest" finished-at="2024-10-24T15:04:37 GMT-04:00" duration-ms="70297">
      <class name="com.crm.qa.testcases.ContactsPageTest">
        <test-method is-config="true" signature="setup()[pri:0, instance:com.crm.qa.testcases.ContactsPageTest@1e730495]" started-at="2024-10-24T15:03:27 GMT-04:00" name="setup" finished-at="2024-10-24T15:03:39 GMT-04:00" duration-ms="11581" status="PASS">
          <reporter-output>
          </reporter-output>
        </test-method> <!-- setup -->
        <test-method signature="validateCreateNewContact(java.lang.String,java.lang.String,java.lang.String,java.lang.String)[pri:4, instance:com.crm.qa.testcases.ContactsPageTest@1e730495]" started-at="2024-10-24T15:03:39 GMT-04:00" name="validateCreateNewContact" data-provider="getCRMTestData" finished-at="2024-10-24T15:03:51 GMT-04:00" duration-ms="12424" status="PASS">
          <params>
            <param index="0">
              <value>
                <![CDATA[Mrs.]]>
              </value>
            </param>
            <param index="1">
              <value>
                <![CDATA[0TestAutoFname]]>
              </value>
            </param>
            <param index="2">
              <value>
                <![CDATA[0TestAutoLname]]>
              </value>
            </param>
            <param index="3">
              <value>
                <![CDATA[BMC]]>
              </value>
            </param>
          </params>
          <reporter-output>
          </reporter-output>
        </test-method> <!-- validateCreateNewContact -->
        <test-method is-config="true" signature="tearDown()[pri:0, instance:com.crm.qa.testcases.ContactsPageTest@1e730495]" started-at="2024-10-24T15:03:51 GMT-04:00" name="tearDown" finished-at="2024-10-24T15:03:51 GMT-04:00" duration-ms="237" status="PASS">
          <reporter-output>
          </reporter-output>
        </test-method> <!-- tearDown -->
        <test-method is-config="true" signature="setup()[pri:0, instance:com.crm.qa.testcases.ContactsPageTest@1e730495]" started-at="2024-10-24T15:03:51 GMT-04:00" name="setup" finished-at="2024-10-24T15:04:01 GMT-04:00" duration-ms="9537" status="PASS">
          <reporter-output>
          </reporter-output>
        </test-method> <!-- setup -->
        <test-method signature="validateCreateNewContact(java.lang.String,java.lang.String,java.lang.String,java.lang.String)[pri:4, instance:com.crm.qa.testcases.ContactsPageTest@1e730495]" started-at="2024-10-24T15:04:01 GMT-04:00" name="validateCreateNewContact" data-provider="getCRMTestData" finished-at="2024-10-24T15:04:13 GMT-04:00" duration-ms="12334" status="PASS">
          <params>
            <param index="0">
              <value>
                <![CDATA[Mrs.]]>
              </value>
            </param>
            <param index="1">
              <value>
                <![CDATA[01TestAutoFname]]>
              </value>
            </param>
            <param index="2">
              <value>
                <![CDATA[01TestAutoFname]]>
              </value>
            </param>
            <param index="3">
              <value>
                <![CDATA[BMC]]>
              </value>
            </param>
          </params>
          <reporter-output>
          </reporter-output>
        </test-method> <!-- validateCreateNewContact -->
        <test-method is-config="true" signature="tearDown()[pri:0, instance:com.crm.qa.testcases.ContactsPageTest@1e730495]" started-at="2024-10-24T15:04:13 GMT-04:00" name="tearDown" finished-at="2024-10-24T15:04:13 GMT-04:00" duration-ms="221" status="PASS">
          <reporter-output>
          </reporter-output>
        </test-method> <!-- tearDown -->
        <test-method is-config="true" signature="setup()[pri:0, instance:com.crm.qa.testcases.ContactsPageTest@1e730495]" started-at="2024-10-24T15:04:13 GMT-04:00" name="setup" finished-at="2024-10-24T15:04:24 GMT-04:00" duration-ms="11016" status="PASS">
          <reporter-output>
          </reporter-output>
        </test-method> <!-- setup -->
        <test-method signature="validateCreateNewContact(java.lang.String,java.lang.String,java.lang.String,java.lang.String)[pri:4, instance:com.crm.qa.testcases.ContactsPageTest@1e730495]" started-at="2024-10-24T15:04:24 GMT-04:00" name="validateCreateNewContact" data-provider="getCRMTestData" finished-at="2024-10-24T15:04:37 GMT-04:00" duration-ms="12235" status="PASS">
          <params>
            <param index="0">
              <value>
                <![CDATA[Mrs.]]>
              </value>
            </param>
            <param index="1">
              <value>
                <![CDATA[02TestAutoFname]]>
              </value>
            </param>
            <param index="2">
              <value>
                <![CDATA[02TestAutoFname]]>
              </value>
            </param>
            <param index="3">
              <value>
                <![CDATA[BMC]]>
              </value>
            </param>
          </params>
          <reporter-output>
          </reporter-output>
        </test-method> <!-- validateCreateNewContact -->
        <test-method is-config="true" signature="tearDown()[pri:0, instance:com.crm.qa.testcases.ContactsPageTest@1e730495]" started-at="2024-10-24T15:04:37 GMT-04:00" name="tearDown" finished-at="2024-10-24T15:04:37 GMT-04:00" duration-ms="222" status="PASS">
          <reporter-output>
          </reporter-output>
        </test-method> <!-- tearDown -->
      </class> <!-- com.crm.qa.testcases.ContactsPageTest -->
    </test> <!-- FreeCRMTest -->
  </suite> <!-- Default Suite -->
</testng-results>
